I am a log for me
8 : Undefined variable: a In /Users/olive/PhpstormProjects/test/test.php LINE 9 CONTENT Array
8 : Undefined variable: a In /Users/olive/PhpstormProjects/test/test.php LINE 9 CONTENT Array
8 : Undefined variable: a In /Users/olive/PhpstormProjects/test/test.php LINE 9
8 : Undefined variable: b In /Users/olive/PhpstormProjects/test/test.php LINE 10
8 : Undefined variable: a In /Users/olive/PhpstormProjects/test/test.php LINE 9
8 : Undefined variable: b In /Users/olive/PhpstormProjects/test/test.php LINE 10
8 : Undefined variable: a In /Users/olive/PhpstormProjects/test/test.php LINE 9
8 : Undefined variable: b In /Users/olive/PhpstormProjects/test/test.php LINE 10
8 : Undefined variable: a In /Users/olive/PhpstormProjects/test/test.php LINE 9
8 : Undefined variable: b In /Users/olive/PhpstormProjects/test/test.php LINE 10
8 : Undefined variable: a In /Users/olive/PhpstormProjects/test/test.php LINE 9
8 : Undefined variable: b In /Users/olive/PhpstormProjects/test/test.php LINE 10
8 : Undefined variable: a In /Users/olive/PhpstormProjects/test/test.php LINE 9
8 : Undefined variable: b In /Users/olive/PhpstormProjects/test/test.php LINE 10
8 : Undefined variable: a In /Users/olive/PhpstormProjects/test/test.php LINE 9
8 : Undefined variable: b In /Users/olive/PhpstormProjects/test/test.php LINE 10
8 : Undefined variable: a In /Users/olive/PhpstormProjects/test/test.php LINE 9
8 : Undefined variable: b In /Users/olive/PhpstormProjects/test/test.php LINE 10
8 : Undefined variable: a In /Users/olive/PhpstormProjects/test/test.php LINE 9
8 : Undefined variable: b In /Users/olive/PhpstormProjects/test/test.php LINE 10
8 : Undefined variable: a In /Users/olive/PhpstormProjects/test/test.php LINE 9
8 : Undefined variable: b In /Users/olive/PhpstormProjects/test/test.php LINE 10
8 : Undefined variable: a In /Users/olive/PhpstormProjects/test/test.php LINE 9
8 : Undefined variable: b In /Users/olive/PhpstormProjects/test/test.php LINE 10
8 : Undefined variable: a In /Users/olive/PhpstormProjects/test/test.php LINE 9
8 : Undefined variable: b In /Users/olive/PhpstormProjects/test/test.php LINE 10
8 : Undefined variable: a In /Users/olive/PhpstormProjects/test/test.php LINE 9
8 : Undefined variable: b In /Users/olive/PhpstormProjects/test/test.php LINE 10
8 : Undefined variable: a In /Users/olive/PhpstormProjects/test/test.php LINE 9
8 : Undefined variable: b In /Users/olive/PhpstormProjects/test/test.php LINE 10
8 : Undefined variable: a In /Users/olive/PhpstormProjects/test/test.php LINE 9
8 : Undefined variable: a In /Users/olive/PhpstormProjects/test/test.php LINE 9
8 : Undefined variable: a In /Users/olive/PhpstormProjects/test/test.php LINE 9
8 : Undefined variable: a In /Users/olive/PhpstormProjects/test/test.php LINE 9
8 : Undefined variable: a In /Users/olive/PhpstormProjects/test/test.php LINE 9
8 : Undefined variable: a In /Users/olive/PhpstormProjects/test/test.php LINE 9
8 : Undefined variable: a In /Users/olive/PhpstormProjects/test/test.php LINE 9
8 : Undefined variable: a In /Users/olive/PhpstormProjects/test/test.php LINE 10
8 : Undefined variable: a In /Users/olive/PhpstormProjects/test/test.php LINE 10
8 : Undefined variable: a In /Users/olive/PhpstormProjects/test/test.php LINE 10
8 : Undefined variable: a In /Users/olive/PhpstormProjects/test/test.php LINE 10
8 : Undefined variable: a In /Users/olive/PhpstormProjects/test/test.php LINE 10
8 : Undefined variable: a In /Users/olive/PhpstormProjects/test/test.php LINE 10
8 : Undefined variable: a In /Users/olive/PhpstormProjects/test/test.php LINE 10
8 : Undefined variable: a In /Users/olive/PhpstormProjects/test/test.php LINE 10
8 : Undefined variable: a In /Users/olive/PhpstormProjects/test/test.php LINE 10
8 : Undefined variable: a In /Users/olive/PhpstormProjects/test/test.php LINE 10
8 : Undefined variable: a In /Users/olive/PhpstormProjects/test/test.php LINE 9
8 : Undefined variable: a In /Users/olive/PhpstormProjects/test/test.php LINE 9
8 : Undefined variable: a In /Users/olive/PhpstormProjects/test/test.php LINE 9
8 : Undefined variable: a In /Users/olive/PhpstormProjects/test/test.php LINE 9
8 : Undefined variable: a In /Users/olive/PhpstormProjects/test/test.php LINE 9
8 : Undefined variable: a In /Users/olive/PhpstormProjects/test/test.php LINE 9
8 : Undefined variable: a In /Users/olive/PhpstormProjects/test/test.php LINE 9
8 : Undefined variable: a In /Users/olive/PhpstormProjects/test/test.php LINE 9
8 : Undefined variable: a In /Users/olive/PhpstormProjects/test/test.php LINE 9
8 : Undefined variable: b In /Users/olive/PhpstormProjects/test/test.php LINE 10
8 : Undefined variable: a In /Users/olive/PhpstormProjects/test/test.php LINE 9
8 : Undefined variable: b In /Users/olive/PhpstormProjects/test/test.php LINE 10
8 : Use of undefined constant STDOUT - assumed 'STDOUT' In /Users/olive/PhpstormProjects/test/vendor/gabrielrcouto/php-gui/src/Output.php LINE 54
8 : Use of undefined constant STDOUT - assumed 'STDOUT' In /Users/olive/PhpstormProjects/test/vendor/gabrielrcouto/php-gui/src/Output.php LINE 54